Using pre-set license
Built from '2021.1/release' branch; Version is '2021.1.0f1 (61a549675243) revision 6399305'; Using compiler version '192528614'; Build Type 'Release'
OS: 'Windows 10 Home; OS build 19044.1645; Version 2009; 64bit' Language: 'en' Physical Memory: 16237 MB
BatchMode: 1, IsHumanControllingUs: 0, StartBugReporterOnCrash: 0, Is64bit: 1, IsPro: 0

 COMMAND LINE ARGUMENTS:
C:\Program Files\Unity\Hub\Editor\2021.1.0f1\Editor\Unity.exe
-adb2
-batchMode
-noUpm
-name
AssetImportWorker0
-projectPath
C:/Users/muham/Desktop/khubaib/Programming/Unity/Multiplayer 2
-logFile
Logs/AssetImportWorker0.log
-srvPort
51918
Successfully changed project path to: C:/Users/muham/Desktop/khubaib/Programming/Unity/Multiplayer 2
C:/Users/muham/Desktop/khubaib/Programming/Unity/Multiplayer 2
Using Asset Import Pipeline V2.
Refreshing native plugins compatible for Editor in 104.25 ms, found 1 plugins.
Preloading 0 native plugins for Editor in 0.00 ms.
Initialize engine version: 2021.1.0f1 (61a549675243)
[Subsystems] Discovering subsystems at path C:/Program Files/Unity/Hub/Editor/2021.1.0f1/Editor/Data/Resources/UnitySubsystems
[Subsystems] Discovering subsystems at path C:/Users/muham/Desktop/khubaib/Programming/Unity/Multiplayer 2/Assets
GfxDevice: creating device client; threaded=0; jobified=0
Direct3D:
    Version:  Direct3D 11.0 [level 11.0]
    Renderer: NVIDIA GeForce 940MX (ID=0x134d)
    Vendor:   NVIDIA
    VRAM:     2010 MB
    Driver:   30.0.14.7111
Initialize mono
Mono path[0] = 'C:/Program Files/Unity/Hub/Editor/2021.1.0f1/Editor/Data/Managed'
Mono path[1] = 'C:/Program Files/Unity/Hub/Editor/2021.1.0f1/Editor/Data/MonoBleedingEdge/lib/mono/unityjit'
Mono config path = 'C:/Program Files/Unity/Hub/Editor/2021.1.0f1/Editor/Data/MonoBleedingEdge/etc'
Using monoOptions --debugger-agent=transport=dt_socket,embedding=1,server=y,suspend=n,address=127.0.0.1:56524
Begin MonoManager ReloadAssembly
Registering precompiled unity dll's ...
Register platform support module: C:/Program Files/Unity/Hub/Editor/2021.1.0f1/Editor/Data/PlaybackEngines/WindowsStandaloneSupport/UnityEditor.WindowsStandalone.Extensions.dll
Registered in 0.004161 seconds.
Native extension for WindowsStandalone target not found
Refreshing native plugins compatible for Editor in 129.23 ms, found 1 plugins.
Preloading 0 native plugins for Editor in 0.00 ms.
Mono: successfully reloaded assembly
- Completed reload, in  2.353 seconds
Platform modules already initialized, skipping
Registering precompiled user dll's ...
Registered in 0.019960 seconds.
Begin MonoManager ReloadAssembly
Native extension for WindowsStandalone target not found
Refreshing native plugins compatible for Editor in 0.59 ms, found 1 plugins.
Preloading 0 native plugins for Editor in 0.00 ms.
Mono: successfully reloaded assembly
- Completed reload, in 10.262 seconds
Platform modules already initialized, skipping
========================================================================
Worker process is ready to serve import requests
Launched and connected shader compiler UnityShaderCompiler.exe after 0.14 seconds
Refreshing native plugins compatible for Editor in 1.26 ms, found 1 plugins.
Preloading 0 native plugins for Editor in 0.00 ms.
Unloading 2673 Unused Serialized files (Serialized files now loaded: 0)
System memory in use before: 98.4 MB.
System memory in use after: 98.6 MB.

Unloading 16 unused Assets to reduce memory usage. Loaded Objects now: 3124.
Total: 3.034100 ms (FindLiveObjects: 0.414100 ms CreateObjectMapping: 0.208300 ms MarkObjects: 2.324500 ms  DeleteObjects: 0.085700 ms)

========================================================================
Received Import Request.
  path: Assets/Scripts/PlayerController.cs
  artifactKey: Guid(8135ee09984c554488dbc5bd5f81fb24) Importer(815301076,1909f56bfc062723c751e8b465ee728b)
Start importing Assets/Scripts/PlayerController.cs using Guid(8135ee09984c554488dbc5bd5f81fb24) Importer(815301076,1909f56bfc062723c751e8b465ee728b)  -> (artifact id: '3b2754bad3ee7c7d05a24a94eb523b70') in 0.058308 seconds 
========================================================================
Received Prepare
Registering precompiled user dll's ...
Registered in 0.014765 seconds.
Begin MonoManager ReloadAssembly
Native extension for WindowsStandalone target not found
Refreshing native plugins compatible for Editor in 0.74 ms, found 1 plugins.
Preloading 0 native plugins for Editor in 0.00 ms.
Mono: successfully reloaded assembly
- Completed reload, in  7.245 seconds
Platform modules already initialized, skipping
Refreshing native plugins compatible for Editor in 1.10 ms, found 1 plugins.
Preloading 0 native plugins for Editor in 0.00 ms.
Unloading 2668 Unused Serialized files (Serialized files now loaded: 0)
System memory in use before: 98.4 MB.
System memory in use after: 98.6 MB.

Unloading 11 unused Assets to reduce memory usage. Loaded Objects now: 3127.
Total: 6.842000 ms (FindLiveObjects: 0.504500 ms CreateObjectMapping: 0.350600 ms MarkObjects: 5.867300 ms  DeleteObjects: 0.116100 ms)

========================================================================
Received Import Request.
  Time since last request: 623.036240 seconds.
  path: Assets/Prefabs/LocalPlayer.prefab
  artifactKey: Guid(cd8f7c57cd166294fa63abd4c8e023f9) Importer(815301076,1909f56bfc062723c751e8b465ee728b)
Start importing Assets/Prefabs/LocalPlayer.prefab using Guid(cd8f7c57cd166294fa63abd4c8e023f9) Importer(815301076,1909f56bfc062723c751e8b465ee728b)  -> (artifact id: 'bd01e0f7d3eb9e4a1cc53f0a941568a8') in 0.161433 seconds 
========================================================================
Received Import Request.
  Time since last request: 3.888872 seconds.
  path: Assets/Prefabs/Player.prefab
  artifactKey: Guid(312cc03bbb9c7554ea7d5300901512d8) Importer(815301076,1909f56bfc062723c751e8b465ee728b)
Start importing Assets/Prefabs/Player.prefab using Guid(312cc03bbb9c7554ea7d5300901512d8) Importer(815301076,1909f56bfc062723c751e8b465ee728b)  -> (artifact id: '57a8da48379764aad8a8070d065c9211') in 0.034245 seconds 
========================================================================
Received Prepare
Registering precompiled user dll's ...
Registered in 0.008279 seconds.
Begin MonoManager ReloadAssembly
Native extension for WindowsStandalone target not found
Refreshing native plugins compatible for Editor in 0.60 ms, found 1 plugins.
Preloading 0 native plugins for Editor in 0.00 ms.
Mono: successfully reloaded assembly
- Completed reload, in  1.399 seconds
Platform modules already initialized, skipping
Refreshing native plugins compatible for Editor in 0.93 ms, found 1 plugins.
Preloading 0 native plugins for Editor in 0.00 ms.
Unloading 2668 Unused Serialized files (Serialized files now loaded: 0)
System memory in use before: 102.2 MB.
System memory in use after: 102.4 MB.

Unloading 11 unused Assets to reduce memory usage. Loaded Objects now: 3138.
Total: 3.397100 ms (FindLiveObjects: 0.660400 ms CreateObjectMapping: 0.292200 ms MarkObjects: 2.388800 ms  DeleteObjects: 0.054200 ms)

========================================================================
Received Prepare
Registering precompiled user dll's ...
Registered in 0.051673 seconds.
Begin MonoManager ReloadAssembly
Native extension for WindowsStandalone target not found
Refreshing native plugins compatible for Editor in 7.45 ms, found 1 plugins.
Preloading 0 native plugins for Editor in 0.00 ms.
Mono: successfully reloaded assembly
- Completed reload, in  4.278 seconds
Platform modules already initialized, skipping
Refreshing native plugins compatible for Editor in 1.22 ms, found 1 plugins.
Preloading 0 native plugins for Editor in 0.00 ms.
Unloading 2668 Unused Serialized files (Serialized files now loaded: 0)
System memory in use before: 102.2 MB.
System memory in use after: 102.4 MB.

Unloading 11 unused Assets to reduce memory usage. Loaded Objects now: 3141.
Total: 4.959200 ms (FindLiveObjects: 0.743500 ms CreateObjectMapping: 0.354300 ms MarkObjects: 3.746500 ms  DeleteObjects: 0.109700 ms)

========================================================================
Received Import Request.
  Time since last request: 215.901431 seconds.
  path: Assets/Prefabs/LocalPlayer.prefab
  artifactKey: Guid(cd8f7c57cd166294fa63abd4c8e023f9) Importer(815301076,1909f56bfc062723c751e8b465ee728b)
Start importing Assets/Prefabs/LocalPlayer.prefab using Guid(cd8f7c57cd166294fa63abd4c8e023f9) Importer(815301076,1909f56bfc062723c751e8b465ee728b)  -> (artifact id: '1da083a85f4fed2954bec0e5c2cfa5a4') in 0.464600 seconds 
========================================================================
Received Import Request.
  Time since last request: 8.331730 seconds.
  path: Assets/Prefabs/Player.prefab
  artifactKey: Guid(312cc03bbb9c7554ea7d5300901512d8) Importer(815301076,1909f56bfc062723c751e8b465ee728b)
Start importing Assets/Prefabs/Player.prefab using Guid(312cc03bbb9c7554ea7d5300901512d8) Importer(815301076,1909f56bfc062723c751e8b465ee728b)  -> (artifact id: 'b422775a1a0d7e3726ced160cd15a062') in 0.096898 seconds 
========================================================================
Received Prepare
Registering precompiled user dll's ...
Registered in 0.016251 seconds.
Begin MonoManager ReloadAssembly
Native extension for WindowsStandalone target not found
Refreshing native plugins compatible for Editor in 0.76 ms, found 1 plugins.
Preloading 0 native plugins for Editor in 0.00 ms.
Mono: successfully reloaded assembly
- Completed reload, in  5.558 seconds
Platform modules already initialized, skipping
Refreshing native plugins compatible for Editor in 1.87 ms, found 1 plugins.
Preloading 0 native plugins for Editor in 0.00 ms.
Unloading 2668 Unused Serialized files (Serialized files now loaded: 0)
System memory in use before: 102.2 MB.
System memory in use after: 102.4 MB.

Unloading 11 unused Assets to reduce memory usage. Loaded Objects now: 3145.
Total: 12.257400 ms (FindLiveObjects: 3.416100 ms CreateObjectMapping: 0.647300 ms MarkObjects: 8.075800 ms  DeleteObjects: 0.115100 ms)

========================================================================
Received Import Request.
  Time since last request: 96.224196 seconds.
  path: Assets/Prefabs/LocalPlayer.prefab
  artifactKey: Guid(cd8f7c57cd166294fa63abd4c8e023f9) Importer(815301076,1909f56bfc062723c751e8b465ee728b)
Start importing Assets/Prefabs/LocalPlayer.prefab using Guid(cd8f7c57cd166294fa63abd4c8e023f9) Importer(815301076,1909f56bfc062723c751e8b465ee728b)  -> (artifact id: 'b892bb523aa69dd78b772f6dc8ef7818') in 0.514024 seconds 
========================================================================
Received Import Request.
  Time since last request: 0.000565 seconds.
  path: Assets/Prefabs/Player.prefab
  artifactKey: Guid(312cc03bbb9c7554ea7d5300901512d8) Importer(815301076,1909f56bfc062723c751e8b465ee728b)
Start importing Assets/Prefabs/Player.prefab using Guid(312cc03bbb9c7554ea7d5300901512d8) Importer(815301076,1909f56bfc062723c751e8b465ee728b)  -> (artifact id: '2de189395f672d97acb1daafb5cd218f') in 0.052399 seconds 
========================================================================
Received Prepare
Registering precompiled user dll's ...
Registered in 0.008125 seconds.
Begin MonoManager ReloadAssembly
Native extension for WindowsStandalone target not found
Refreshing native plugins compatible for Editor in 1.82 ms, found 1 plugins.
Preloading 0 native plugins for Editor in 0.00 ms.
Mono: successfully reloaded assembly
- Completed reload, in  6.827 seconds
Platform modules already initialized, skipping
Refreshing native plugins compatible for Editor in 0.97 ms, found 1 plugins.
Preloading 0 native plugins for Editor in 0.00 ms.
Unloading 2668 Unused Serialized files (Serialized files now loaded: 0)
System memory in use before: 102.3 MB.
System memory in use after: 102.5 MB.

Unloading 11 unused Assets to reduce memory usage. Loaded Objects now: 3149.
Total: 3.207500 ms (FindLiveObjects: 0.406700 ms CreateObjectMapping: 0.222800 ms MarkObjects: 2.494100 ms  DeleteObjects: 0.081400 ms)

========================================================================
Received Import Request.
  Time since last request: 402.325272 seconds.
  path: Assets/Prefabs/LocalPlayer.prefab
  artifactKey: Guid(cd8f7c57cd166294fa63abd4c8e023f9) Importer(815301076,1909f56bfc062723c751e8b465ee728b)
Start importing Assets/Prefabs/LocalPlayer.prefab using Guid(cd8f7c57cd166294fa63abd4c8e023f9) Importer(815301076,1909f56bfc062723c751e8b465ee728b)  -> (artifact id: '6b9df3997bfad3b72e731fc3ff8693f7') in 0.121105 seconds 
========================================================================
Received Import Request.
  Time since last request: 119.568844 seconds.
  path: Assets/Prefabs/Player.prefab
  artifactKey: Guid(312cc03bbb9c7554ea7d5300901512d8) Importer(815301076,1909f56bfc062723c751e8b465ee728b)
Start importing Assets/Prefabs/Player.prefab using Guid(312cc03bbb9c7554ea7d5300901512d8) Importer(815301076,1909f56bfc062723c751e8b465ee728b)  -> (artifact id: 'ac603dc9c0d7ba12cec7279fb5138503') in 0.036082 seconds 
========================================================================
Received Import Request.
  Time since last request: 1.988515 seconds.
  path: Assets/Prefabs/Player.prefab
  artifactKey: Guid(312cc03bbb9c7554ea7d5300901512d8) Importer(815301076,1909f56bfc062723c751e8b465ee728b)
Start importing Assets/Prefabs/Player.prefab using Guid(312cc03bbb9c7554ea7d5300901512d8) Importer(815301076,1909f56bfc062723c751e8b465ee728b)  -> (artifact id: '80621d67623dcede73ff22fbc28381be') in 0.027143 seconds 
========================================================================
Received Import Request.
  Time since last request: 3.816470 seconds.
  path: Assets/Prefabs/Player.prefab
  artifactKey: Guid(312cc03bbb9c7554ea7d5300901512d8) Importer(815301076,1909f56bfc062723c751e8b465ee728b)
Start importing Assets/Prefabs/Player.prefab using Guid(312cc03bbb9c7554ea7d5300901512d8) Importer(815301076,1909f56bfc062723c751e8b465ee728b)  -> (artifact id: '0edb742d53c08b48ac2e794ffd18143c') in 0.025469 seconds 
========================================================================
Received Import Request.
  Time since last request: 4.292312 seconds.
  path: Assets/Prefabs/Player.prefab
  artifactKey: Guid(312cc03bbb9c7554ea7d5300901512d8) Importer(815301076,1909f56bfc062723c751e8b465ee728b)
Start importing Assets/Prefabs/Player.prefab using Guid(312cc03bbb9c7554ea7d5300901512d8) Importer(815301076,1909f56bfc062723c751e8b465ee728b)  -> (artifact id: 'a1badf794dfdba66b77459c72b3febe7') in 0.033967 seconds 
========================================================================
Received Import Request.
  Time since last request: 18.086589 seconds.
  path: Assets/Prefabs/Player.prefab
  artifactKey: Guid(312cc03bbb9c7554ea7d5300901512d8) Importer(815301076,1909f56bfc062723c751e8b465ee728b)
Start importing Assets/Prefabs/Player.prefab using Guid(312cc03bbb9c7554ea7d5300901512d8) Importer(815301076,1909f56bfc062723c751e8b465ee728b)  -> (artifact id: '2640ffe63a78dae57b00465975aa5473') in 0.019636 seconds 
========================================================================
Received Import Request.
  Time since last request: 6.132918 seconds.
  path: Assets/Prefabs/LocalPlayer.prefab
  artifactKey: Guid(cd8f7c57cd166294fa63abd4c8e023f9) Importer(815301076,1909f56bfc062723c751e8b465ee728b)
Start importing Assets/Prefabs/LocalPlayer.prefab using Guid(cd8f7c57cd166294fa63abd4c8e023f9) Importer(815301076,1909f56bfc062723c751e8b465ee728b)  -> (artifact id: '996fb56079ae88b087bd22b2c4c14854') in 0.026344 seconds 
========================================================================
Received Import Request.
  Time since last request: 5.034147 seconds.
  path: Assets/Prefabs/LocalPlayer.prefab
  artifactKey: Guid(cd8f7c57cd166294fa63abd4c8e023f9) Importer(815301076,1909f56bfc062723c751e8b465ee728b)
Start importing Assets/Prefabs/LocalPlayer.prefab using Guid(cd8f7c57cd166294fa63abd4c8e023f9) Importer(815301076,1909f56bfc062723c751e8b465ee728b)  -> (artifact id: 'fed0da57701447a72812c6bec312e483') in 0.025820 seconds 
========================================================================
Received Import Request.
  Time since last request: 4.055407 seconds.
  path: Assets/Prefabs/LocalPlayer.prefab
  artifactKey: Guid(cd8f7c57cd166294fa63abd4c8e023f9) Importer(815301076,1909f56bfc062723c751e8b465ee728b)
Start importing Assets/Prefabs/LocalPlayer.prefab using Guid(cd8f7c57cd166294fa63abd4c8e023f9) Importer(815301076,1909f56bfc062723c751e8b465ee728b)  -> (artifact id: '1ba86ede511958ad126f4fbdac4a4d55') in 0.029261 seconds 
========================================================================
Received Import Request.
  Time since last request: 3.745496 seconds.
  path: Assets/Prefabs/LocalPlayer.prefab
  artifactKey: Guid(cd8f7c57cd166294fa63abd4c8e023f9) Importer(815301076,1909f56bfc062723c751e8b465ee728b)
Start importing Assets/Prefabs/LocalPlayer.prefab using Guid(cd8f7c57cd166294fa63abd4c8e023f9) Importer(815301076,1909f56bfc062723c751e8b465ee728b)  -> (artifact id: '460d9c718477aee1f5ca6e0e1472090a') in 0.024319 seconds 
========================================================================
Received Import Request.
  Time since last request: 1.374371 seconds.
  path: Assets/Prefabs/LocalPlayer.prefab
  artifactKey: Guid(cd8f7c57cd166294fa63abd4c8e023f9) Importer(815301076,1909f56bfc062723c751e8b465ee728b)
Start importing Assets/Prefabs/LocalPlayer.prefab using Guid(cd8f7c57cd166294fa63abd4c8e023f9) Importer(815301076,1909f56bfc062723c751e8b465ee728b)  -> (artifact id: '7556fc2c2904254334fed92067bdc506') in 0.019739 seconds 
========================================================================
Received Import Request.
  Time since last request: 0.568635 seconds.
  path: Assets/Prefabs/LocalPlayer.prefab
  artifactKey: Guid(cd8f7c57cd166294fa63abd4c8e023f9) Importer(815301076,1909f56bfc062723c751e8b465ee728b)
Start importing Assets/Prefabs/LocalPlayer.prefab using Guid(cd8f7c57cd166294fa63abd4c8e023f9) Importer(815301076,1909f56bfc062723c751e8b465ee728b)  -> (artifact id: 'e7d926c22653301fbb1aaf6830ab738b') in 0.019731 seconds 
========================================================================
Received Import Request.
  Time since last request: 0.644871 seconds.
  path: Assets/Prefabs/LocalPlayer.prefab
  artifactKey: Guid(cd8f7c57cd166294fa63abd4c8e023f9) Importer(815301076,1909f56bfc062723c751e8b465ee728b)
Start importing Assets/Prefabs/LocalPlayer.prefab using Guid(cd8f7c57cd166294fa63abd4c8e023f9) Importer(815301076,1909f56bfc062723c751e8b465ee728b)  -> (artifact id: 'c1c7f8424bd7085c3b00e57528e4770b') in 0.032654 seconds 
========================================================================
Received Import Request.
  Time since last request: 0.718364 seconds.
  path: Assets/Prefabs/LocalPlayer.prefab
  artifactKey: Guid(cd8f7c57cd166294fa63abd4c8e023f9) Importer(815301076,1909f56bfc062723c751e8b465ee728b)
Start importing Assets/Prefabs/LocalPlayer.prefab using Guid(cd8f7c57cd166294fa63abd4c8e023f9) Importer(815301076,1909f56bfc062723c751e8b465ee728b)  -> (artifact id: '2533c985ea87b4649f0396c753e26c69') in 0.034032 seconds 
========================================================================
Received Import Request.
  Time since last request: 7.844318 seconds.
  path: Assets/Prefabs/LocalPlayer.prefab
  artifactKey: Guid(cd8f7c57cd166294fa63abd4c8e023f9) Importer(815301076,1909f56bfc062723c751e8b465ee728b)
Start importing Assets/Prefabs/LocalPlayer.prefab using Guid(cd8f7c57cd166294fa63abd4c8e023f9) Importer(815301076,1909f56bfc062723c751e8b465ee728b)  -> (artifact id: '81a58b110f11e3f63800516363c0e63d') in 0.030411 seconds 
========================================================================
Received Import Request.
  Time since last request: 31.008469 seconds.
  path: Assets/Prefabs/Player.prefab
  artifactKey: Guid(312cc03bbb9c7554ea7d5300901512d8) Importer(815301076,1909f56bfc062723c751e8b465ee728b)
Start importing Assets/Prefabs/Player.prefab using Guid(312cc03bbb9c7554ea7d5300901512d8) Importer(815301076,1909f56bfc062723c751e8b465ee728b)  -> (artifact id: '928f0f21a6d301fd19efaa5ad23f507a') in 0.057312 seconds 
========================================================================
Received Prepare
Registering precompiled user dll's ...
Registered in 0.009994 seconds.
Begin MonoManager ReloadAssembly
Native extension for WindowsStandalone target not found
Refreshing native plugins compatible for Editor in 0.63 ms, found 1 plugins.
Preloading 0 native plugins for Editor in 0.00 ms.
Mono: successfully reloaded assembly
- Completed reload, in  1.739 seconds
Platform modules already initialized, skipping
Refreshing native plugins compatible for Editor in 0.61 ms, found 1 plugins.
Preloading 0 native plugins for Editor in 0.00 ms.
Unloading 2668 Unused Serialized files (Serialized files now loaded: 0)
System memory in use before: 102.3 MB.
System memory in use after: 102.5 MB.

Unloading 11 unused Assets to reduce memory usage. Loaded Objects now: 3153.
Total: 3.092300 ms (FindLiveObjects: 0.476100 ms CreateObjectMapping: 0.357400 ms MarkObjects: 2.193700 ms  DeleteObjects: 0.062500 ms)

========================================================================
Received Import Request.
  Time since last request: 104.783765 seconds.
  path: Assets/Scripts/PlayerController.cs
  artifactKey: Guid(8135ee09984c554488dbc5bd5f81fb24) Importer(815301076,1909f56bfc062723c751e8b465ee728b)
Start importing Assets/Scripts/PlayerController.cs using Guid(8135ee09984c554488dbc5bd5f81fb24) Importer(815301076,1909f56bfc062723c751e8b465ee728b)  -> (artifact id: 'a0351b8a96dadbae976c747e90390eb8') in 0.019836 seconds 
========================================================================
Received Prepare
Registering precompiled user dll's ...
Registered in 0.006473 seconds.
Begin MonoManager ReloadAssembly
Native extension for WindowsStandalone target not found
Refreshing native plugins compatible for Editor in 0.58 ms, found 1 plugins.
Preloading 0 native plugins for Editor in 0.00 ms.
Mono: successfully reloaded assembly
- Completed reload, in  1.384 seconds
Platform modules already initialized, skipping
Refreshing native plugins compatible for Editor in 0.61 ms, found 1 plugins.
Preloading 0 native plugins for Editor in 0.00 ms.
Unloading 2668 Unused Serialized files (Serialized files now loaded: 0)
System memory in use before: 102.3 MB.
System memory in use after: 102.5 MB.

Unloading 11 unused Assets to reduce memory usage. Loaded Objects now: 3156.
Total: 2.711500 ms (FindLiveObjects: 0.370000 ms CreateObjectMapping: 0.266600 ms MarkObjects: 2.006900 ms  DeleteObjects: 0.066400 ms)

========================================================================
Received Import Request.
  Time since last request: 230.423848 seconds.
  path: Assets/Scripts/PlayerController.cs
  artifactKey: Guid(8135ee09984c554488dbc5bd5f81fb24) Importer(815301076,1909f56bfc062723c751e8b465ee728b)
Start importing Assets/Scripts/PlayerController.cs using Guid(8135ee09984c554488dbc5bd5f81fb24) Importer(815301076,1909f56bfc062723c751e8b465ee728b)  -> (artifact id: '36b2c812a77d5a5a7b7a568b621598ca') in 0.013520 seconds 
========================================================================
Received Prepare
Registering precompiled user dll's ...
Registered in 0.005643 seconds.
Begin MonoManager ReloadAssembly
Native extension for WindowsStandalone target not found
Refreshing native plugins compatible for Editor in 0.55 ms, found 1 plugins.
Preloading 0 native plugins for Editor in 0.00 ms.
Mono: successfully reloaded assembly
- Completed reload, in  1.252 seconds
Platform modules already initialized, skipping
Refreshing native plugins compatible for Editor in 0.59 ms, found 1 plugins.
Preloading 0 native plugins for Editor in 0.00 ms.
Unloading 2668 Unused Serialized files (Serialized files now loaded: 0)
System memory in use before: 102.3 MB.
System memory in use after: 102.5 MB.

Unloading 11 unused Assets to reduce memory usage. Loaded Objects now: 3159.
Total: 3.635100 ms (FindLiveObjects: 0.471300 ms CreateObjectMapping: 0.276100 ms MarkObjects: 2.780400 ms  DeleteObjects: 0.105200 ms)

========================================================================
Received Prepare
Registering precompiled user dll's ...
Registered in 0.009746 seconds.
Begin MonoManager ReloadAssembly
Native extension for WindowsStandalone target not found
Refreshing native plugins compatible for Editor in 1.23 ms, found 1 plugins.
Preloading 0 native plugins for Editor in 0.00 ms.
Mono: successfully reloaded assembly
- Completed reload, in 20.667 seconds
Platform modules already initialized, skipping
Refreshing native plugins compatible for Editor in 1.05 ms, found 1 plugins.
Preloading 0 native plugins for Editor in 0.00 ms.
Unloading 2668 Unused Serialized files (Serialized files now loaded: 0)
System memory in use before: 102.3 MB.
System memory in use after: 102.5 MB.

Unloading 11 unused Assets to reduce memory usage. Loaded Objects now: 3162.
Total: 7.701400 ms (FindLiveObjects: 0.501400 ms CreateObjectMapping: 0.645500 ms MarkObjects: 6.472700 ms  DeleteObjects: 0.078900 ms)

========================================================================
Received Prepare
Registering precompiled user dll's ...
Registered in 0.009872 seconds.
Begin MonoManager ReloadAssembly
Native extension for WindowsStandalone target not found
Refreshing native plugins compatible for Editor in 0.94 ms, found 1 plugins.
Preloading 0 native plugins for Editor in 0.00 ms.
Mono: successfully reloaded assembly
- Completed reload, in  2.025 seconds
Platform modules already initialized, skipping
Refreshing native plugins compatible for Editor in 0.77 ms, found 1 plugins.
Preloading 0 native plugins for Editor in 0.00 ms.
Unloading 2668 Unused Serialized files (Serialized files now loaded: 0)
System memory in use before: 102.3 MB.
System memory in use after: 102.5 MB.

Unloading 11 unused Assets to reduce memory usage. Loaded Objects now: 3165.
Total: 5.440100 ms (FindLiveObjects: 1.718000 ms CreateObjectMapping: 0.323400 ms MarkObjects: 3.313500 ms  DeleteObjects: 0.083200 ms)

========================================================================
Received Import Request.
  Time since last request: 509.844716 seconds.
  path: Assets/Scripts/PlayerController.cs
  artifactKey: Guid(8135ee09984c554488dbc5bd5f81fb24) Importer(815301076,1909f56bfc062723c751e8b465ee728b)
Start importing Assets/Scripts/PlayerController.cs using Guid(8135ee09984c554488dbc5bd5f81fb24) Importer(815301076,1909f56bfc062723c751e8b465ee728b)  -> (artifact id: '08d7e51c956fd06c667a627f89d3b5e0') in 0.015536 seconds 
========================================================================
Received Prepare
Registering precompiled user dll's ...
Registered in 0.008028 seconds.
Begin MonoManager ReloadAssembly
Native extension for WindowsStandalone target not found
Refreshing native plugins compatible for Editor in 1.13 ms, found 1 plugins.
Preloading 0 native plugins for Editor in 0.00 ms.
Mono: successfully reloaded assembly
- Completed reload, in  2.335 seconds
Platform modules already initialized, skipping
Refreshing native plugins compatible for Editor in 0.62 ms, found 1 plugins.
Preloading 0 native plugins for Editor in 0.00 ms.
Unloading 2668 Unused Serialized files (Serialized files now loaded: 0)
System memory in use before: 102.3 MB.
System memory in use after: 102.5 MB.

Unloading 11 unused Assets to reduce memory usage. Loaded Objects now: 3168.
Total: 3.721800 ms (FindLiveObjects: 0.453300 ms CreateObjectMapping: 0.267700 ms MarkObjects: 2.920200 ms  DeleteObjects: 0.078400 ms)

========================================================================
Received Import Request.
  Time since last request: 2248.556972 seconds.
  path: Assets/Scripts/Multiplayer/NetworkManager.cs
  artifactKey: Guid(44f278435a2b879428f4762442b92dda) Importer(815301076,1909f56bfc062723c751e8b465ee728b)
Start importing Assets/Scripts/Multiplayer/NetworkManager.cs using Guid(44f278435a2b879428f4762442b92dda) Importer(815301076,1909f56bfc062723c751e8b465ee728b)  -> (artifact id: '24028c623492facb9f52039a1a6c8dba') in 0.011216 seconds 
========================================================================
Received Prepare
Registering precompiled user dll's ...
Registered in 0.037599 seconds.
Begin MonoManager ReloadAssembly
Native extension for WindowsStandalone target not found
Refreshing native plugins compatible for Editor in 2.73 ms, found 1 plugins.
Preloading 0 native plugins for Editor in 0.00 ms.
Mono: successfully reloaded assembly
- Completed reload, in  9.767 seconds
Platform modules already initialized, skipping
Refreshing native plugins compatible for Editor in 1.07 ms, found 1 plugins.
Preloading 0 native plugins for Editor in 0.00 ms.
Unloading 2668 Unused Serialized files (Serialized files now loaded: 0)
System memory in use before: 102.3 MB.
System memory in use after: 102.5 MB.

Unloading 11 unused Assets to reduce memory usage. Loaded Objects now: 3171.
Total: 4.263300 ms (FindLiveObjects: 1.303400 ms CreateObjectMapping: 0.368000 ms MarkObjects: 2.531500 ms  DeleteObjects: 0.059000 ms)

========================================================================
Received Import Request.
  Time since last request: 136.231487 seconds.
  path: Assets/Scripts/PlayerController.cs
  artifactKey: Guid(8135ee09984c554488dbc5bd5f81fb24) Importer(815301076,1909f56bfc062723c751e8b465ee728b)
Start importing Assets/Scripts/PlayerController.cs using Guid(8135ee09984c554488dbc5bd5f81fb24) Importer(815301076,1909f56bfc062723c751e8b465ee728b)  -> (artifact id: '5537f093f9af9729b434c4c5d5916928') in 0.028729 seconds 
========================================================================
Received Prepare
Registering precompiled user dll's ...
Registered in 0.037374 seconds.
Begin MonoManager ReloadAssembly
Native extension for WindowsStandalone target not found
Refreshing native plugins compatible for Editor in 1.20 ms, found 1 plugins.
Preloading 0 native plugins for Editor in 0.00 ms.
Mono: successfully reloaded assembly
- Completed reload, in  5.924 seconds
Platform modules already initialized, skipping
Refreshing native plugins compatible for Editor in 1.26 ms, found 1 plugins.
Preloading 0 native plugins for Editor in 0.00 ms.
Unloading 2668 Unused Serialized files (Serialized files now loaded: 0)
System memory in use before: 102.3 MB.
System memory in use after: 102.5 MB.

Unloading 11 unused Assets to reduce memory usage. Loaded Objects now: 3174.
Total: 3.968900 ms (FindLiveObjects: 0.342700 ms CreateObjectMapping: 0.215500 ms MarkObjects: 3.346700 ms  DeleteObjects: 0.062100 ms)

========================================================================
Received Import Request.
  Time since last request: 118.749528 seconds.
  path: Assets/Scripts/PlayerController.cs
  artifactKey: Guid(8135ee09984c554488dbc5bd5f81fb24) Importer(815301076,1909f56bfc062723c751e8b465ee728b)
Start importing Assets/Scripts/PlayerController.cs using Guid(8135ee09984c554488dbc5bd5f81fb24) Importer(815301076,1909f56bfc062723c751e8b465ee728b)  -> (artifact id: 'd1e6060afddbef6678d74a6eafe92071') in 0.022895 seconds 
========================================================================
Received Prepare
Registering precompiled user dll's ...
Registered in 0.007192 seconds.
Begin MonoManager ReloadAssembly
Native extension for WindowsStandalone target not found
Refreshing native plugins compatible for Editor in 0.71 ms, found 1 plugins.
Preloading 0 native plugins for Editor in 0.00 ms.
Mono: successfully reloaded assembly
- Completed reload, in  1.538 seconds
Platform modules already initialized, skipping
Refreshing native plugins compatible for Editor in 0.64 ms, found 1 plugins.
Preloading 0 native plugins for Editor in 0.00 ms.
Unloading 2668 Unused Serialized files (Serialized files now loaded: 0)
System memory in use before: 102.3 MB.
System memory in use after: 102.5 MB.

Unloading 11 unused Assets to reduce memory usage. Loaded Objects now: 3177.
Total: 3.055300 ms (FindLiveObjects: 0.309300 ms CreateObjectMapping: 0.287900 ms MarkObjects: 2.397000 ms  DeleteObjects: 0.060100 ms)

AssetImportWorkerClient::OnTransportError - code=2 error=End of file
